%!Adobe-FontList 1.22
%Locale:0x409

%BeginFont
Handler:DirectoryHandler
FontType:TrueType
FontName:AGBookRounded-Bold
FamilyName:AG Book Rounded
StyleName:Regular
MenuName:AG Book Rounded
StyleBits:0
WeightClass:400
WidthClass:5
AngleClass:0
FullName:AG Book Rounded Bold
WritingScript:Roman
OutlineFileName:/Users/yanaabrasheva/Documents/thesis design/thesis2ndfile Folder/Document fonts/AG_Book_Rounded_Bold.ttf
DataFormat:sfntData
hasSVG:no
VariableFontType:NonVariableFont
FileLength:295280
FileModTime:605800739
NameArray:0,Mac,4,AG Book Rounded Bold
NameArray:0,Win,1,AG Book Rounded
%EndFont

%BeginFont
Handler:DirectoryHandler
FontType:TrueType
FontName:AWTPageBelgianCond
FamilyName:AWT Page Belgian Cond
StyleName:Regular
MenuName:AWT Page Belgian Cond
StyleBits:0
WeightClass:500
WidthClass:3
AngleClass:0
FullName:AWT Page Belgian Cond
WritingScript:Roman
OutlineFileName:/Users/yanaabrasheva/Documents/thesis design/thesis2ndfile Folder/Document fonts/AWTPageBelgianCond.ttf
DataFormat:sfntData
hasSVG:no
VariableFontType:NonVariableFont
FileLength:22888
FileModTime:596243844
NameArray:0,Mac,4,AWT Page Belgian Cond
NameArray:0,Win,1,AWT Page Belgian Cond
%EndFont

%BeginFont
Handler:DirectoryHandler
FontType:Invalid
OutlineFileName:/Users/yanaabrasheva/Documents/thesis design/thesis2ndfile Folder/Document fonts/AdobeFnt22.lst
FileLength:4604
FileModTime:632316103
%EndFont

%BeginFont
Handler:DirectoryHandler
FontType:TrueType
FontName:ArialNarrow-Bold
FamilyName:Arial Narrow
StyleName:Bold
MenuName:Arial Narrow
StyleBits:2
WeightClass:700
WidthClass:3
AngleClass:0
FullName:Arial Narrow Bold
WritingScript:Roman
OutlineFileName:/Users/yanaabrasheva/Documents/thesis design/thesis2ndfile Folder/Document fonts/Arial Narrow Bold.ttf
DataFormat:sfntData
hasSVG:no
VariableFontType:NonVariableFont
FileLength:184420
FileModTime:632316103
NameArray:0,Mac,4,Arial Narrow Bold
NameArray:0,Win,1,Arial Narrow
%EndFont

%BeginFont
Handler:DirectoryHandler
FontType:TrueType
FontName:ArialNarrow
FamilyName:Arial Narrow
StyleName:Regular
MenuName:Arial Narrow
StyleBits:0
WeightClass:400
WidthClass:3
AngleClass:0
FullName:Arial Narrow
WritingScript:Roman
OutlineFileName:/Users/yanaabrasheva/Documents/thesis design/thesis2ndfile Folder/Document fonts/Arial Narrow.ttf
DataFormat:sfntData
hasSVG:no
VariableFontType:NonVariableFont
FileLength:179492
FileModTime:632316103
NameArray:0,Mac,4,Arial Narrow
NameArray:0,Win,1,Arial Narrow
%EndFont

%BeginFont
Handler:DirectoryHandler
FontType:TrueType
FontName:BodoniOrnamentsITCTT
FamilyName:Bodoni Ornaments
StyleName:Regular
MenuName:Bodoni Ornaments
StyleBits:0
WeightClass:400
WidthClass:5
AngleClass:0
FullName:Bodoni Ornaments
WritingScript:Roman
OutlineFileName:/Users/yanaabrasheva/Documents/thesis design/thesis2ndfile Folder/Document fonts/Bodoni Ornaments.ttf
DataFormat:sfntData
hasSVG:no
VariableFontType:NonVariableFont
FileLength:73972
FileModTime:632316103
NameArray:0,Mac,4,Bodoni Ornaments
NameArray:0,Win,1,Bodoni Ornaments
%EndFont

%BeginFont
Handler:DirectoryHandler
FontType:Type1
FontName:EBGaramond12-Italic
FamilyName:EB Garamond
StyleName:12 Italic
MenuName:EB Garamond 12
StyleBits:1
WeightClass:400
WidthClass:5
AngleClass:1
FullName:EB Garamond 12 Italic
WritingScript:Roman
OutlineFileName:/Users/yanaabrasheva/Documents/thesis design/thesis2ndfile Folder/Document fonts/EBGaramond12-Italic.otf
DataFormat:sfntData
UsesStandardEncoding:yes
isCFF:yes
hasSVG:no
VariableFontType:NonVariableFont
FileLength:298252
FileModTime:418603496
DesignSize:120
NameArray:0,Mac,18,EB Garamond 12 Italic
NameArray:0,Mac,4,EB Garamond 12 Italic
NameArray:0,Win,1,EB Garamond 12
NameArray:0,Win,16,EB Garamond
%EndFont

%BeginFont
Handler:DirectoryHandler
FontType:Type1
FontName:MinionPro-Regular
FamilyName:Minion Pro
StyleName:Regular
MenuName:Minion Pro
StyleBits:0
WeightClass:400
WidthClass:5
AngleClass:0
FullName:Minion Pro
WritingScript:Roman
OutlineFileName:/Users/yanaabrasheva/Documents/thesis design/thesis2ndfile Folder/Document fonts/MinionPro-Regular.otf
DataFormat:sfntData
UsesStandardEncoding:yes
isCFF:yes
hasSVG:no
VariableFontType:NonVariableFont
FileLength:218640
FileModTime:542728117
DesignSize:110
NameArray:0,Mac,4,Minion Pro
NameArray:0,Win,1,Minion Pro
%EndFont

%BeginFont
Handler:DirectoryHandler
FontType:TrueType
FontName:TimesNewRomanPSMT
FamilyName:Times New Roman
StyleName:Regular
MenuName:Times New Roman
StyleBits:0
WeightClass:400
WidthClass:5
AngleClass:0
FullName:Times New Roman
WritingScript:Roman
OutlineFileName:/Users/yanaabrasheva/Documents/thesis design/thesis2ndfile Folder/Document fonts/Times New Roman.ttf
DataFormat:sfntData
hasSVG:no
VariableFontType:NonVariableFont
FileLength:834452
FileModTime:632316103
NameArray:0,Mac,4,Times New Roman
NameArray:0,Win,1,Times New Roman
%EndFont

